<?xml version="1.0" encoding="UTF-8"?>
<!-- Generated by org.testng.reporters.JUnitReportReporter -->
<testsuite hostname="suraj-pc" name="Access.home1" tests="6" failures="0" timestamp="20 Aug 2021 09:55:53 GMT" time="82.388" errors="0">
  <testcase name="reg" time="11.621" classname="Access.home1"/>
  <testcase name="reg" time="13.268" classname="Access.home1"/>
  <testcase name="reg" time="13.903" classname="Access.home1"/>
  <testcase name="reg" time="13.284" classname="Access.home1"/>
  <testcase name="reg" time="16.815" classname="Access.home1"/>
  <testcase name="reg" time="13.497" classname="Access.home1"/>
</testsuite> <!-- Access.home1 -->
